[2023-01-03 16:16:20,903: INFO] New TOPTANCI session has been started
[2023-01-03 16:16:23,889: INFO] New page request has been made | Response: 200
[2023-01-03 16:16:44,266: INFO] Categories found count: 8
[2023-01-03 16:16:44,266: INFO] Pulled products links total: 5125
[2023-01-03 16:16:44,282: INFO] Exteraction done!
[2023-01-03 16:16:44,290: INFO] Processing links start
[2023-01-03 16:17:03,821: INFO] Invalid item | Link: https://toptanci.com/kare-luks-zara-kupe-u-223904
[2023-01-03 16:17:04,987: INFO] Invalid item | Link: https://toptanci.com/luks-zirkon-tasli-celik-kupe-u-223794
[2023-01-03 16:17:07,843: INFO] Invalid item | Link: https://toptanci.com/oval-klipsi-firkete-u-207998
[2023-01-03 16:17:37,809: INFO] Invalid item | Link: https://toptanci.com/cam-tas-aparati-1-adet-6-mm-cift-kuplu-u-179709
[2023-01-03 16:17:40,085: INFO] Invalid item | Link: https://toptanci.com/anfora-kumas-kupelik-u-216974
[2023-01-03 16:17:42,544: INFO] Invalid item | Link: https://toptanci.com/3lu-anfora-mor-t-bilekliklik-u-183572
[2023-01-03 16:18:00,518: INFO] Invalid item | Link: https://toptanci.com/dempower-dp-49-siyah-nokta-vakum-cihazi-u-220899
[2023-01-03 16:18:09,157: INFO] Invalid item | Link: https://toptanci.com/yakemiyou-6-adet-kalp-yildiz-zirkon-tasli-luks-celik-kupe-u-223722
[2023-01-03 16:18:13,159: INFO] Invalid item | Link: https://toptanci.com/6-adet-karisik-luks-celik-kupe-u-223658
[2023-01-03 16:18:17,691: INFO] Invalid item | Link: https://toptanci.com/6-adet-puskullu-nota-boncuk-halka-kupe-u-222819
[2023-01-03 16:18:23,438: INFO] Invalid item | Link: https://toptanci.com/6-adet-cicek-kristal-halka-kupe-u-222835
[2023-01-03 16:18:53,126: INFO] Invalid item | Link: https://toptanci.com/klasik-halka-kupe-u-160532
[2023-01-03 16:19:00,817: INFO] Invalid item | Link: https://toptanci.com/ezme-minik-halka-kupe-u-160548
[2023-01-03 16:19:02,891: INFO] Invalid item | Link: https://toptanci.com/3-adet-zirkon-tasli-kupe-u-222078
[2023-01-03 16:19:09,672: INFO] Invalid item | Link: https://toptanci.com/yonca-nazarli-halka-kupe-u-220834
[2023-01-03 16:19:11,789: INFO] Invalid item | Link: https://toptanci.com/kalp-set-kolye-kutusu-u-223072
[2023-01-03 16:19:16,451: INFO] Invalid item | Link: https://toptanci.com/cizgili-halka-kupe-15-cm-u-221551
[2023-01-03 16:19:16,719: INFO] Invalid item | Link: https://toptanci.com/renkli-set-kolye-kutusu-u-212833
[2023-01-03 16:19:18,773: INFO] Invalid item | Link: https://toptanci.com/imame-puskullu-sal-u-128688
[2023-01-03 16:19:19,760: INFO] Invalid item | Link: https://toptanci.com/5-adet-kalp-dudak-desenli-kare-hediye-kutusu-u-219524
[2023-01-03 16:19:23,028: INFO] Invalid item | Link: https://toptanci.com/uzun-kolye-karti-u-216299
[2023-01-03 16:19:24,220: INFO] Invalid item | Link: https://toptanci.com/puskullu-esarp-100-cm-u-36553
[2023-01-03 16:19:41,235: INFO] Invalid item | Link: https://toptanci.com/beyaz-renkli-kanavice-anahtarlik-u-222469
[2023-01-03 16:19:42,866: INFO] Invalid item | Link: https://toptanci.com/istanbul-yazili-metal-anahtarlik-u-217952
[2023-01-03 16:19:42,986: INFO] Invalid item | Link: https://toptanci.com/turkiye-yazili-metal-anahtarlik-u-217984
[2023-01-03 16:19:43,106: INFO] Invalid item | Link: https://toptanci.com/turkiye-yazili-metal-anahtarlik-u-217980
[2023-01-03 16:19:47,931: INFO] Invalid item | Link: https://toptanci.com/istanbul-yazili-metal-anahtarlik-u-217942
[2023-01-03 16:19:49,924: INFO] Invalid item | Link: https://toptanci.com/turkiye-yazili-metal-anahtarlik-u-217982
[2023-01-03 16:20:08,671: INFO] Invalid item | Link: https://toptanci.com/zikzak-zirkon-tasli-kikirdak-kupe-u-215817
[2023-01-03 16:20:18,306: INFO] Invalid item | Link: https://toptanci.com/35-50-metalize-hediye-poset-paketi-100lu-u-133047
[2023-01-03 16:20:19,728: INFO] Invalid item | Link: https://toptanci.com/cift-kombinli-saat-kutusu-teshir-u-134370
[2023-01-03 16:20:21,572: INFO] Invalid item | Link: https://toptanci.com/cift-kombinli-saat-kutusu-teshir-u-94908
[2023-01-03 16:20:23,217: INFO] Invalid item | Link: https://toptanci.com/26-38-el-tutma-poset-paketi-50li-u-74920
[2023-01-03 16:20:24,119: INFO] Invalid item | Link: https://toptanci.com/ucgen-zirkon-tasli-kikirdak-kupe-u-215803
[2023-01-03 16:20:29,164: INFO] Invalid item | Link: https://toptanci.com/papatya-renkli-zirkon-tasli-luks-kupe-15-cm-u-209104
[2023-01-03 16:20:32,971: INFO] Invalid item | Link: https://toptanci.com/cicek-renkli-zirkon-tasli-luks-kupe-15-cm-u-209102
[2023-01-03 16:20:34,995: INFO] Invalid item | Link: https://toptanci.com/4lu-ezme-halka-kupe-2-cm-u-197327
[2023-01-03 16:20:35,417: INFO] Invalid item | Link: https://toptanci.com/xuping-luks-zirkon-tasli-celik-kupe-u-189810
[2023-01-03 16:20:42,645: ERROR] Attribute error: 'NoneType' object has no attribute 'text' | Link: https://toptanci.com/oval-kesim-kolye-karti-u-33964
[2023-01-03 16:20:44,410: INFO] Invalid item | Link: https://toptanci.com/yuvarlak-figurlu-zirkon-tasli-kikirdak-kupe-u-183715
[2023-01-03 16:20:47,110: INFO] Invalid item | Link: https://toptanci.com/ezme-minik-halka-kupe-u-160548
[2023-01-03 16:20:47,414: INFO] Invalid item | Link: https://toptanci.com/klasik-halka-kupe-u-160532
[2023-01-03 16:20:48,211: ERROR] Attribute error: 'NoneType' object has no attribute 'text' | Link: https://toptanci.com/sahildeki-yelkenli-gemiler-500-parca-puzzle-11339-u-170352
[2023-01-03 16:20:48,846: INFO] Invalid item | Link: https://toptanci.com/kuvars-point-kolye-ucu-u-216759
[2023-01-03 16:20:50,141: INFO] Invalid item | Link: https://toptanci.com/kuvars-point-kolye-ucu-u-216751
[2023-01-03 16:21:14,134: ERROR] Attribute error: 'NoneType' object has no attribute 'text' | Link: https://toptanci.com/selim-isimli-anahtarlik-u-5190
[2023-01-03 16:21:26,063: INFO] Invalid item | Link: https://toptanci.com/yonca-luks-italyan-zincirli-celik-ikili-kolye-u-223530
[2023-01-03 16:21:38,435: INFO] Invalid item | Link: https://toptanci.com/papatya-mineli-uclu-kolye-u-223216
[2023-01-03 17:02:13,432: INFO] New TOPTANCI session has been started
[2023-01-03 17:02:14,091: INFO] New page request has been made | Response: 200
[2023-01-03 17:02:14,508: INFO] Categories found count: 8
[2023-01-03 17:02:14,524: INFO] Pulled products links total: 5125
[2023-01-03 17:02:14,524: INFO] Exteraction done!
[2023-01-03 17:02:14,539: INFO] Processing links start
[2023-01-03 17:02:49,938: INFO] New TOPTANCI session has been started
[2023-01-03 17:02:50,527: INFO] New page request has been made | Response: 200
[2023-01-03 17:02:51,027: INFO] Categories found count: 8
[2023-01-03 17:02:51,027: INFO] Pulled products links total: 5125
[2023-01-03 17:02:51,027: INFO] Exteraction done!
[2023-01-03 17:02:51,045: INFO] Processing links start
[2023-01-03 17:03:08,366: INFO] Invalid item | Link: https://toptanci.com/kare-luks-zara-kupe-u-223904
[2023-01-03 17:03:09,472: INFO] Invalid item | Link: https://toptanci.com/luks-zirkon-tasli-celik-kupe-u-223794
[2023-01-03 17:03:14,350: INFO] Invalid item | Link: https://toptanci.com/oval-klipsi-firkete-u-207998
[2023-01-03 17:03:45,189: INFO] New TOPTANCI session has been started
[2023-01-03 17:03:45,641: INFO] New page request has been made | Response: 200
[2023-01-03 17:03:45,925: INFO] Categories found count: 8
[2023-01-03 17:03:45,941: INFO] Pulled products links total: 5125
[2023-01-03 17:03:45,941: INFO] Exteraction done!
[2023-01-03 17:03:45,956: INFO] Processing links start
[2023-01-03 17:04:02,777: INFO] Invalid item | Link: https://toptanci.com/kare-luks-zara-kupe-u-223904
[2023-01-03 17:04:03,858: INFO] Invalid item | Link: https://toptanci.com/luks-zirkon-tasli-celik-kupe-u-223794
[2023-01-03 17:04:07,885: INFO] Invalid item | Link: https://toptanci.com/oval-klipsi-firkete-u-207998
[2023-01-03 17:04:31,594: INFO] Invalid item | Link: https://toptanci.com/cam-tas-aparati-1-adet-6-mm-cift-kuplu-u-179709
[2023-01-03 17:04:33,882: INFO] Invalid item | Link: https://toptanci.com/anfora-kumas-kupelik-u-216974
[2023-01-03 17:04:37,311: INFO] Invalid item | Link: https://toptanci.com/3lu-anfora-mor-t-bilekliklik-u-183572
[2023-01-03 17:05:30,856: INFO] Invalid item | Link: https://toptanci.com/dempower-dp-49-siyah-nokta-vakum-cihazi-u-220899
[2023-01-03 17:05:33,642: INFO] Invalid item | Link: https://toptanci.com/yakemiyou-6-adet-kalp-yildiz-zirkon-tasli-luks-celik-kupe-u-223722
[2023-01-03 17:05:40,099: INFO] Invalid item | Link: https://toptanci.com/6-adet-karisik-luks-celik-kupe-u-223658
[2023-01-03 17:05:43,973: INFO] Invalid item | Link: https://toptanci.com/6-adet-cicek-kristal-halka-kupe-u-222835
[2023-01-03 17:05:44,822: INFO] Invalid item | Link: https://toptanci.com/6-adet-puskullu-nota-boncuk-halka-kupe-u-222819
[2023-01-03 17:06:04,082: INFO] Invalid item | Link: https://toptanci.com/klasik-halka-kupe-u-160532
[2023-01-03 17:06:06,094: INFO] Invalid item | Link: https://toptanci.com/ezme-minik-halka-kupe-u-160548
[2023-01-03 17:06:13,975: INFO] Invalid item | Link: https://toptanci.com/3-adet-zirkon-tasli-kupe-u-222078
[2023-01-03 17:06:15,579: INFO] Invalid item | Link: https://toptanci.com/yonca-nazarli-halka-kupe-u-220834
[2023-01-03 17:06:16,589: INFO] Invalid item | Link: https://toptanci.com/cizgili-halka-kupe-15-cm-u-221551
[2023-01-03 17:06:22,419: INFO] Invalid item | Link: https://toptanci.com/kalp-set-kolye-kutusu-u-223072
[2023-01-03 17:06:24,782: INFO] Invalid item | Link: https://toptanci.com/uzun-kolye-karti-u-216299
[2023-01-03 17:06:30,098: INFO] Invalid item | Link: https://toptanci.com/5-adet-kalp-dudak-desenli-kare-hediye-kutusu-u-219524
[2023-01-03 17:06:34,463: INFO] Invalid item | Link: https://toptanci.com/puskullu-esarp-100-cm-u-36553
[2023-01-03 17:06:35,363: INFO] Invalid item | Link: https://toptanci.com/renkli-set-kolye-kutusu-u-212833
[2023-01-03 17:06:37,964: INFO] Invalid item | Link: https://toptanci.com/imame-puskullu-sal-u-128688
[2023-01-03 17:06:52,756: INFO] Invalid item | Link: https://toptanci.com/turkiye-yazili-metal-anahtarlik-u-217982
[2023-01-03 17:06:53,215: INFO] Invalid item | Link: https://toptanci.com/beyaz-renkli-kanavice-anahtarlik-u-222469
[2023-01-03 17:06:54,360: INFO] Invalid item | Link: https://toptanci.com/turkiye-yazili-metal-anahtarlik-u-217984
[2023-01-03 17:06:55,121: INFO] Invalid item | Link: https://toptanci.com/istanbul-yazili-metal-anahtarlik-u-217942
[2023-01-03 17:06:55,474: INFO] Invalid item | Link: https://toptanci.com/turkiye-yazili-metal-anahtarlik-u-217980
[2023-01-03 17:06:56,217: INFO] Invalid item | Link: https://toptanci.com/istanbul-yazili-metal-anahtarlik-u-217952
[2023-01-03 17:07:19,811: INFO] Invalid item | Link: https://toptanci.com/zikzak-zirkon-tasli-kikirdak-kupe-u-215817
[2023-01-03 17:07:27,990: INFO] Invalid item | Link: https://toptanci.com/cift-kombinli-saat-kutusu-teshir-u-134370
[2023-01-03 17:07:28,246: INFO] Invalid item | Link: https://toptanci.com/35-50-metalize-hediye-poset-paketi-100lu-u-133047
[2023-01-03 17:07:32,271: INFO] Invalid item | Link: https://toptanci.com/cift-kombinli-saat-kutusu-teshir-u-94908
[2023-01-03 17:07:33,162: INFO] Invalid item | Link: https://toptanci.com/26-38-el-tutma-poset-paketi-50li-u-74920
[2023-01-03 17:07:36,755: INFO] Invalid item | Link: https://toptanci.com/papatya-renkli-zirkon-tasli-luks-kupe-15-cm-u-209104
[2023-01-03 17:07:38,558: INFO] Invalid item | Link: https://toptanci.com/4lu-ezme-halka-kupe-2-cm-u-197327
[2023-01-03 17:07:39,111: INFO] Invalid item | Link: https://toptanci.com/cicek-renkli-zirkon-tasli-luks-kupe-15-cm-u-209102
[2023-01-03 17:07:39,477: INFO] Invalid item | Link: https://toptanci.com/xuping-luks-zirkon-tasli-celik-kupe-u-189810
[2023-01-03 17:07:48,401: INFO] Invalid item | Link: https://toptanci.com/ucgen-zirkon-tasli-kikirdak-kupe-u-215803
[2023-01-03 17:07:49,954: ERROR] Attribute error: 'NoneType' object has no attribute 'text' | Link: https://toptanci.com/oval-kesim-kolye-karti-u-33964
[2023-01-03 17:07:53,466: INFO] Invalid item | Link: https://toptanci.com/yuvarlak-figurlu-zirkon-tasli-kikirdak-kupe-u-183715
[2023-01-03 17:07:54,777: INFO] Invalid item | Link: https://toptanci.com/ezme-minik-halka-kupe-u-160548
[2023-01-03 17:07:55,155: INFO] Invalid item | Link: https://toptanci.com/klasik-halka-kupe-u-160532
[2023-01-03 17:07:56,608: INFO] Invalid item | Link: https://toptanci.com/kuvars-point-kolye-ucu-u-216759
[2023-01-03 17:07:57,559: INFO] Invalid item | Link: https://toptanci.com/kuvars-point-kolye-ucu-u-216751
[2023-01-03 17:07:57,941: ERROR] Attribute error: 'NoneType' object has no attribute 'text' | Link: https://toptanci.com/sahildeki-yelkenli-gemiler-500-parca-puzzle-11339-u-170352
[2023-01-03 17:08:25,587: ERROR] Attribute error: 'NoneType' object has no attribute 'text' | Link: https://toptanci.com/selim-isimli-anahtarlik-u-5190
[2023-01-03 17:08:36,204: INFO] Invalid item | Link: https://toptanci.com/yonca-luks-italyan-zincirli-celik-ikili-kolye-u-223530
[2023-01-03 17:08:43,699: INFO] Invalid item | Link: https://toptanci.com/papatya-mineli-uclu-kolye-u-223216
[2023-01-03 17:08:57,802: INFO] Invalid item | Link: https://toptanci.com/fil-trend-ikili-kolye-u-222854
[2023-01-03 17:08:58,556: INFO] Invalid item | Link: https://toptanci.com/kalp-trend-kolye-u-222796
[2023-01-03 17:08:59,364: INFO] Invalid item | Link: https://toptanci.com/ok-isim-yazilabilir-celik-kolye-u-222097
[2023-01-03 17:09:12,832: INFO] Invalid item | Link: https://toptanci.com/kobra-zincir-celik-kolye-60-cm-u-220565
[2023-01-03 17:09:13,164: INFO] Invalid item | Link: https://toptanci.com/yildiz-kum-boncuk-kolye-u-220773
[2023-01-03 17:09:20,904: INFO] Invalid item | Link: https://toptanci.com/yeni-sezon-inci-kolye-u-220806
[2023-01-03 17:09:21,383: INFO] Invalid item | Link: https://toptanci.com/kare-zirkon-tasli-kolye-u-218589
[2023-01-03 17:09:26,560: INFO] Invalid item | Link: https://toptanci.com/tugra-tasli-altin-kaplama-kolye-u-217488
[2023-01-03 17:09:33,081: INFO] Invalid item | Link: https://toptanci.com/yonca-isim-yazilabilir-bos-plaka-ikili-kolye-u-217351
[2023-01-03 17:09:33,515: INFO] Invalid item | Link: https://toptanci.com/kopek-cam-kolye-u-215233
[2023-01-03 17:09:33,750: INFO] Invalid item | Link: https://toptanci.com/hamster-cam-kolye-u-215235
[2023-01-03 17:09:39,333: INFO] Invalid item | Link: https://toptanci.com/makas-tarak-erkek-kolye-u-212468
[2023-01-03 17:09:39,762: INFO] Invalid item | Link: https://toptanci.com/kapakli-camli-kolye-u-212300
[2023-01-03 17:09:46,891: INFO] Invalid item | Link: https://toptanci.com/tugra-altin-kaplama-kolye-u-210126
[2023-01-03 17:09:48,893: INFO] Invalid item | Link: https://toptanci.com/cift-zincir-kolye-u-206494
[2023-01-03 17:09:49,532: INFO] Invalid item | Link: https://toptanci.com/vav-figurlu-zirkon-tasli-trend-minik-kolye-u-205611
[2023-01-03 17:09:54,179: INFO] Invalid item | Link: https://toptanci.com/annem-yazili-yeni-sezon-ikili-kolye-u-202081
[2023-01-03 17:09:58,035: INFO] Invalid item | Link: https://toptanci.com/bitanem-yazili-ritim-figurlu-yeni-sezon-ikili-kolye-u-202022
[2023-01-03 17:10:00,972: INFO] Invalid item | Link: https://toptanci.com/silindir-figurlu-luks-celik-kombin-kolyesi-60-cm-u-199390
[2023-01-03 17:10:14,094: INFO] Invalid item | Link: https://toptanci.com/kare-deniz-yildizi-epoksi-canli-kolye-u-190554
[2023-01-03 17:10:22,988: INFO] Invalid item | Link: https://toptanci.com/kus-tuyu-metal-kolye-u-161348
[2023-01-03 17:10:24,846: INFO] Invalid item | Link: https://toptanci.com/ordek-cam-kolye-u-164905
[2023-01-03 17:10:35,888: INFO] Invalid item | Link: https://toptanci.com/sen-mutlu-ol-yeter-ask-bankasi-u-222894
[2023-01-03 17:10:36,796: INFO] Invalid item | Link: https://toptanci.com/parabox-10000-tl-kumbara-para-biriktirme-kutusu-u-222890
[2023-01-03 17:10:41,079: INFO] Invalid item | Link: https://toptanci.com/amber-sandal-kokulu-cubuk-tutsu-u-222882
[2023-01-03 17:10:41,814: INFO] Invalid item | Link: https://toptanci.com/agac-pilli-muzikli-isikli-kar-kuresi-buyuk-boy-u-221827
[2023-01-03 17:10:57,111: INFO] Invalid item | Link: https://toptanci.com/panda-ahsap-kutulu-kupa-u-221110
[2023-01-03 17:11:06,784: INFO] Invalid item | Link: https://toptanci.com/lavanta-kokulu-cubuk-tutsu-u-209450
[2023-01-03 17:11:22,010: INFO] Invalid item | Link: https://toptanci.com/fil-figurlu-cam-bardak-kucuk-u-200729
[2023-01-03 17:11:35,964: INFO] Invalid item | Link: https://toptanci.com/100-dilde-seni-seviyorum-yazili-ahsap-kutulu-kupa-u-184278
[2023-01-03 17:12:10,477: INFO] Invalid item | Link: https://toptanci.com/canli-kolye-u-146936
[2023-01-03 17:12:13,686: INFO] Invalid item | Link: https://toptanci.com/canli-kolye-u-146940
[2023-01-03 17:12:18,091: INFO] Invalid item | Link: https://toptanci.com/fanus-canli-kolye-u-131515
[2023-01-03 17:12:18,328: INFO] Invalid item | Link: https://toptanci.com/panda-cam-kolye-u-138366
[2023-01-03 17:12:21,048: INFO] Invalid item | Link: https://toptanci.com/deniz-yildizi-cam-kolye-u-79908
[2023-01-03 17:13:07,215: ERROR] Attribute error: 'NoneType' object has no attribute 'text' | Link: https://toptanci.com/yaren-isimli-kolye-u-30607
[2023-01-03 17:13:13,313: ERROR] Attribute error: 'NoneType' object has no attribute 'text' | Link: https://toptanci.com/senem-isimli-kolye-u-30539
[2023-01-03 17:13:35,582: ERROR] Attribute error: 'NoneType' object has no attribute 'text' | Link: https://toptanci.com/hatice-isimli-kolye-u-30366
[2023-01-03 17:13:45,596: ERROR] Attribute error: 'NoneType' object has no attribute 'text' | Link: https://toptanci.com/busra-isimli-kolye-u-30240
[2023-01-03 17:13:53,068: ERROR] Attribute error: 'NoneType' object has no attribute 'text' | Link: https://toptanci.com/dilek-isimli-kolye-u-30273
[2023-01-03 17:13:55,991: INFO] Invalid item | Link: https://toptanci.com/altin-kaplama-trabzon-burmasi-set-u-220667
[2023-01-03 17:13:56,114: INFO] Invalid item | Link: https://toptanci.com/fatma-ana-eli-tasli-set-kolye-u-217642
[2023-01-03 17:13:58,212: INFO] Invalid item | Link: https://toptanci.com/5-adet-eklem-yuzuk-u-223260
[2023-01-03 17:14:03,400: INFO] Invalid item | Link: https://toptanci.com/ay-eklem-yuzuk-u-220855
[2023-01-03 17:14:04,001: INFO] Invalid item | Link: https://toptanci.com/ay-yildiz-eklem-yuzuk-u-220858
[2023-01-03 17:14:07,208: INFO] Invalid item | Link: https://toptanci.com/yildiz-zirkon-tasli-ayarlanabilir-yuzuk-u-214382
[2023-01-03 17:14:07,894: INFO] Invalid item | Link: https://toptanci.com/semazen-cini-set-kolye-u-220648
[2023-01-03 17:14:11,652: INFO] Invalid item | Link: https://toptanci.com/nazar-luks-celik-kelepce-bileklik-u-223458
[2023-01-03 17:14:12,790: INFO] Invalid item | Link: https://toptanci.com/zirkon-tek-tas-luks-celik-yuzuk-u-216889
[2023-01-03 17:14:12,948: INFO] Invalid item | Link: https://toptanci.com/elif-vav-metal-erkek-yuzuk-u-222126
[2023-01-03 17:14:13,254: INFO] Invalid item | Link: https://toptanci.com/zirkon-tek-tas-luks-celik-yuzuk-u-216879
[2023-01-03 17:14:13,770: INFO] Invalid item | Link: https://toptanci.com/capa-metal-erkek-yuzuk-u-222116
[2023-01-03 17:14:14,050: INFO] Invalid item | Link: https://toptanci.com/ay-yildiz-figurlu-metal-erkek-yuzuk-u-194356
[2023-01-03 17:14:15,436: INFO] Invalid item | Link: https://toptanci.com/ay-yildiz-figurlu-metal-erkek-yuzuk-u-194351
[2023-01-03 17:14:15,551: INFO] Invalid item | Link: https://toptanci.com/cicek-luks-celik-bileklik-u-223389
[2023-01-03 17:14:16,260: INFO] Invalid item | Link: https://toptanci.com/icice-gecmeli-halka-figurlu-tasli-yuzuk-u-165734
[2023-01-03 17:14:16,371: INFO] Invalid item | Link: https://toptanci.com/ayicik-panora-bileklik-u-223375
[2023-01-03 17:14:17,323: INFO] Invalid item | Link: https://toptanci.com/tasli-yuzuk-u-42384
[2023-01-03 17:14:21,212: INFO] Invalid item | Link: https://toptanci.com/ay-yildiz-figurlu-metal-erkek-yuzuk-u-190749
[2023-01-03 17:14:21,331: INFO] Invalid item | Link: https://toptanci.com/yuvarlak-zirkon-tasli-lux-asansorlu-bileklik-u-222750
[2023-01-03 17:14:23,537: INFO] Invalid item | Link: https://toptanci.com/inci-yeni-sezon-trend-zincir-bileklik-u-222435
[2023-01-03 17:14:24,779: INFO] Invalid item | Link: https://toptanci.com/karisik-yeni-sezon-trend-zincir-bileklik-u-222427
[2023-01-03 17:14:25,005: INFO] Invalid item | Link: https://toptanci.com/karisik-yeni-sezon-trend-zincir-bileklik-u-222425
[2023-01-03 17:14:29,414: INFO] Invalid item | Link: https://toptanci.com/yuvarlak-isim-yazilabilir-bos-plaka-orgulu-bileklik-u-221871
[2023-01-03 17:14:30,632: INFO] Invalid item | Link: https://toptanci.com/kanat-tasli-trend-bileklik-u-220985
[2023-01-03 17:14:31,318: INFO] Invalid item | Link: https://toptanci.com/yildiz-inci-trend-bileklik-u-220728
[2023-01-03 17:14:33,439: INFO] Invalid item | Link: https://toptanci.com/kalp-makrome-orgulu-bileklik-u-219117
[2023-01-03 17:14:35,849: INFO] Invalid item | Link: https://toptanci.com/osmanli-bayragi-kaliteli-suni-deri-bileklik-u-218976
[2023-01-03 17:14:38,610: INFO] Invalid item | Link: https://toptanci.com/cicek-tasli-trend-bileklik-u-218991
[2023-01-03 17:14:51,297: INFO] Invalid item | Link: https://toptanci.com/karisik-zincir-vinlex-deri-bileklik-u-218795
[2023-01-03 17:15:06,769: INFO] Invalid item | Link: https://toptanci.com/nazar-tasli-trend-bileklik-u-217405
[2023-01-03 17:15:07,114: INFO] Invalid item | Link: https://toptanci.com/yonca-isim-yazilabilir-bos-plaka-orgulu-bileklik-u-217433
[2023-01-03 17:15:11,811: INFO] Invalid item | Link: https://toptanci.com/ay-figurlu-pandora-bileklik-u-207746
[2023-01-03 17:15:12,790: INFO] Invalid item | Link: https://toptanci.com/cavus-figurlu-zincir-bileklik-u-206476
[2023-01-03 17:15:13,104: ERROR] Attribute error: 'NoneType' object has no attribute 'text' | Link: https://toptanci.com/zirkon-tasli-lux-asansorlu-bileklik-u-205007
[2023-01-03 17:15:13,556: INFO] Invalid item | Link: https://toptanci.com/cicek-pandora-bileklik-u-210379
[2023-01-03 17:15:18,117: INFO] Invalid item | Link: https://toptanci.com/kiraz-figurlu-pandora-bileklik-u-207752
[2023-01-03 17:15:27,234: INFO] Invalid item | Link: https://toptanci.com/boncuk-figurlu-zincir-bileklik-u-185070
[2023-01-03 17:15:30,607: INFO] Invalid item | Link: https://toptanci.com/tura-figurlu-tasli-bileklik-u-145880
[2023-01-03 17:15:31,647: INFO] Invalid item | Link: https://toptanci.com/3-cm-cns-altin-kaplama-bilezik-u-114858
[2023-01-03 17:15:31,890: INFO] Invalid item | Link: https://toptanci.com/2-cm-lak-kaplama-bilezik-u-124036
[2023-01-03 17:15:32,591: INFO] Invalid item | Link: https://toptanci.com/2-cm-lak-kaplama-bilezik-u-122537
[2023-01-03 17:15:33,198: INFO] Invalid item | Link: https://toptanci.com/3-cm-cns-altin-kaplama-bilezik-u-111415
[2023-01-03 17:15:34,404: ERROR] Attribute error: 'NoneType' object has no attribute 'text' | Link: https://toptanci.com/sans-ip-bileklikleri-65-adet--u-36864
[2023-01-03 17:15:34,995: ERROR] Attribute error: 'NoneType' object has no attribute 'text' | Link: https://toptanci.com/tahta-boncuklu-etnik-lastikli-bileklik-u-14587
[2023-01-03 17:15:42,341: ERROR] Attribute error: 'NoneType' object has no attribute 'text' | Link: https://toptanci.com/lak-kaplama-trabzon-burma-bilezik-u-50352
[2023-01-03 17:15:44,902: INFO] Invalid item | Link: https://toptanci.com/unicorn-trend-citcitli-toka-1-adet-u-216554
[2023-01-03 17:15:45,154: INFO] Invalid item | Link: https://toptanci.com/renkli-mandal-toka-1-adet-u-211274
[2023-01-03 17:15:45,269: INFO] Invalid item | Link: https://toptanci.com/ayicik-trend-lastikli-toka-2-adet-u-216622
[2023-01-03 17:15:45,379: INFO] Invalid item | Link: https://toptanci.com/16-adet-kutulu-set-toka-u-216456
[2023-01-03 17:15:46,718: INFO] Invalid item | Link: https://toptanci.com/karisik-trend-citcitli-toka-2-adet-u-216532
[2023-01-03 17:15:48,522: INFO] Invalid item | Link: https://toptanci.com/tilki-el-yapimi-islemeli-orgulu-cocuk-sac-bandi-u-213695
[2023-01-03 17:15:52,421: INFO] Invalid item | Link: https://toptanci.com/cicek-tullu-tasli-okul-tokasi-u-153322
[2023-01-03 17:15:54,673: INFO] Invalid item | Link: https://toptanci.com/parlak-mandal-toka-u-146497
[2023-01-03 17:16:03,542: INFO] Invalid item | Link: https://toptanci.com/luks-tasli-gelin-taci-u-208821
[2023-01-03 17:16:06,167: INFO] Invalid item | Link: https://toptanci.com/papatya-zirkon-tasli-gumus-hizma-20-adet-u-221444
[2023-01-03 17:16:11,188: ERROR] Attribute error: 'NoneType' object has no attribute 'text' | Link: https://toptanci.com/anfora-kumas-bileklik-standi-u-199013
[2023-01-03 17:16:20,179: INFO] Invalid item | Link: https://toptanci.com/bride-team-yazili-dovme-sticker-u-202519
[2023-01-03 17:17:35,455: INFO] New TOPTANCI session has been started
[2023-01-03 17:17:36,704: INFO] New page request has been made | Response: 200
[2023-01-03 17:17:37,159: INFO] Categories found count: 8
[2023-01-03 17:17:37,168: INFO] Pulled products links total: 5125
[2023-01-03 17:17:37,173: INFO] Exteraction done!
[2023-01-03 17:17:37,178: INFO] Processing links start
[2023-01-03 17:18:03,593: INFO] All data has been processed
[2023-01-03 17:18:03,603: INFO] Scraped in 28.12 seconds
[2023-01-03 17:19:28,478: INFO] New TOPTANCI session has been started
[2023-01-03 17:19:32,959: INFO] New page request has been made | Response: 200
[2023-01-03 17:20:20,403: INFO] New TOPTANCI session has been started
[2023-01-03 17:20:20,953: INFO] New page request has been made | Response: 200
[2023-01-03 17:20:21,456: INFO] Categories found count: 8
[2023-01-03 17:20:21,490: INFO] Pulled products links total: 5125
[2023-01-03 17:20:21,496: INFO] Exteraction done!
[2023-01-03 17:20:21,500: INFO] Processing links start
[2023-01-03 17:20:21,507: INFO] All data has been processed
[2023-01-03 17:20:21,515: INFO] Scraped in 1.08 seconds
[2023-01-03 17:22:18,058: INFO] New TOPTANCI session has been started
[2023-01-03 17:22:18,855: INFO] New page request has been made | Response: 200
[2023-01-03 17:22:19,278: INFO] Categories found count: 8
[2023-01-03 17:22:19,287: INFO] Pulled products links total: 5125
[2023-01-03 17:22:19,292: INFO] Exteraction done!
[2023-01-03 17:22:19,297: INFO] Processing links start
[2023-01-03 17:22:19,304: INFO] All data has been processed
[2023-01-03 17:22:19,313: INFO] Scraped in 1.24 seconds
[2023-01-03 17:23:04,066: INFO] New TOPTANCI session has been started
[2023-01-03 17:23:05,658: INFO] New page request has been made | Response: 200
[2023-01-03 17:23:29,081: INFO] Categories found count: 8
[2023-01-03 17:23:29,090: INFO] Pulled products links total: 5125
[2023-01-03 17:23:29,095: INFO] Exteraction done!
[2023-01-03 17:23:29,100: INFO] Processing links start
[2023-01-03 17:23:29,107: INFO] All data has been processed
[2023-01-03 17:23:29,115: INFO] Scraped in 25.03 seconds
[2023-01-03 17:24:50,793: INFO] New TOPTANCI session has been started
[2023-01-03 17:24:51,443: INFO] New page request has been made | Response: 200
[2023-01-03 17:24:51,867: INFO] Categories found count: 8
[2023-01-03 17:24:51,875: INFO] Pulled products links total: 5125
[2023-01-03 17:24:51,880: INFO] Exteraction done!
[2023-01-03 17:24:51,885: INFO] Processing links start
[2023-01-03 17:24:51,893: INFO] All data has been processed
[2023-01-03 17:24:51,901: INFO] Scraped in 1.09 seconds
[2023-01-03 17:25:24,345: INFO] Link: https://toptanci.com/inci-luks-zara-kupe-u-223928 | content: {'link': 'https://toptanci.com/inci-luks-zara-kupe-u-223928', 'main-category': 'Küpe', 'sub-category': 'Zara Model Küpe', 'name': 'İnci Lüks Zara Küpe', 'images': {'color': ['Beyaz'], 'link': ['https://images.bijuteri.net/223928/223928_1000_16_bdb0f639-cbb0-4056-9928-9b88989e74f2.jpg']}, 'descr': 'Ürün malzemesi inci, zirkon taş ve metaldir. Kartıyla beraber gönderilecektir. Küpe boyu 4 cmdir. Ürün 1 sınıf kaliteli malzemeden üretilmiştir.', 'attrs': {'color': ['Beyaz'], 'price': ['58.08'], 'stock': [3], 'code': [11575696]}} | Variables: ('Earring', 'Zara Model Earrings')
[2023-01-03 17:25:24,359: INFO] Category processed successfully | Arabic: حلق الاذن | English: Earring
[2023-01-03 17:25:24,364: INFO] Category processor is done
[2023-01-03 17:25:25,316: INFO] Body request has been sent
[2023-01-03 17:25:29,923: INFO] Main image upload is successful | Status code: 200 | Reason: OK | Image name: media/88928971.jpg
[2023-01-03 17:25:29,927: INFO] Product created successfully with ID: 521099371 | SKU: 11575696
[2023-01-03 20:11:49,340: INFO] New TOPTANCI session has been started
[2023-01-03 20:11:55,441: INFO] New page request has been made | Response: 200
[2023-01-03 20:12:17,195: INFO] Categories found count: 8
[2023-01-03 20:12:17,295: INFO] Pulled products links total: 5125
[2023-01-03 20:12:17,300: INFO] Exteraction done!
[2023-01-03 20:12:17,303: INFO] Processing links start
[2023-01-03 20:12:17,310: INFO] All data has been processed
[2023-01-03 20:12:17,322: INFO] Scraped in 27.94 seconds
[2023-01-03 20:12:20,381: INFO] Category processed successfully | Arabic: حلق الاذن | English: Earring
[2023-01-03 20:12:20,388: INFO] Category processor is done
[2023-01-03 20:12:21,285: INFO] Body request has been sent
[2023-01-03 20:12:21,289: WARNING] SKU_ALREADY_EXISTS: 11575696 | Error Message: Field 'sku' must be unique. | Error code: SKU_ALREADY_EXISTS
[2023-01-03 20:12:25,819: INFO] Category processed successfully | Arabic: حلق الاذن | English: Earring
[2023-01-03 20:12:25,826: INFO] Category processor is done
[2023-01-03 20:12:26,796: INFO] Body request has been sent
[2023-01-03 20:13:35,256: ERROR] object int can't be used in 'await' expression
Traceback (most recent call last):
  File "e:\Work\pyScript\Toptanci SC\tasks\create_products.py", line 165, in create_product
    await main_image.write(requests.get(url, stream=1, headers=download_headers).content)
TypeError: object int can't be used in 'await' expression
[2023-01-03 20:13:35,276: INFO] Product created successfully with ID: 521131361 | SKU: 11575559
[2023-01-03 20:13:39,721: INFO] Category processed successfully | Arabic: حلق الاذن | English: Earring
[2023-01-03 20:13:39,727: INFO] Category processor is done
[2023-01-03 20:13:40,690: INFO] Body request has been sent
[2023-01-03 21:33:00,417: INFO] New TOPTANCI session has been started
[2023-01-03 21:33:02,294: INFO] New page request has been made | Response: 200
[2023-01-03 21:33:02,835: INFO] Categories found count: 8
[2023-01-03 21:33:02,898: INFO] Pulled products links total: 5125
[2023-01-03 21:33:02,902: INFO] Exteraction done!
[2023-01-03 21:33:02,907: INFO] Processing links start
[2023-01-03 21:33:02,914: INFO] All data has been processed
[2023-01-03 21:33:02,935: INFO] Scraped in 2.49 seconds
[2023-01-03 21:33:05,990: INFO] Category processed successfully | Arabic: حلق الاذن | English: Earring
[2023-01-03 21:33:05,994: INFO] Category processor is done
[2023-01-03 21:33:06,843: INFO] Body request has been sent
[2023-01-03 21:33:06,846: WARNING] SKU_ALREADY_EXISTS: 11575696 | Error Message: Field 'sku' must be unique. | Error code: SKU_ALREADY_EXISTS
[2023-01-03 21:33:09,345: INFO] Category processed successfully | Arabic: حلق الاذن | English: Earring
[2023-01-03 21:33:09,349: INFO] Category processor is done
[2023-01-03 21:33:10,198: INFO] Body request has been sent
[2023-01-03 21:33:10,202: WARNING] SKU_ALREADY_EXISTS: 11575559 | Error Message: Field 'sku' must be unique. | Error code: SKU_ALREADY_EXISTS
[2023-01-03 21:33:12,849: INFO] Category processed successfully | Arabic: حلق الاذن | English: Earring
[2023-01-03 21:33:12,853: INFO] Category processor is done
[2023-01-03 21:33:13,755: INFO] Body request has been sent
[2023-01-03 21:33:13,759: WARNING] SKU_ALREADY_EXISTS: 11575658 | Error Message: Field 'sku' must be unique. | Error code: SKU_ALREADY_EXISTS
[2023-01-03 21:33:20,149: INFO] Category processed successfully | Arabic: بروش - مستلزمات الاوشحة | English: Brooch - Scarf Supplies
[2023-01-03 21:33:20,157: INFO] Category processor is done
[2023-01-03 21:33:21,080: INFO] Body request has been sent
[2023-01-03 21:33:27,002: INFO] Category processed successfully | Arabic: حلق الاذن | English: Earring
[2023-01-03 21:33:27,009: INFO] Category processor is done
[2023-01-03 21:33:27,944: INFO] Body request has been sent
[2023-01-03 21:33:33,528: INFO] Category processed successfully | Arabic: حلق الاذن | English: Earring
[2023-01-03 21:33:33,539: INFO] Category processor is done
[2023-01-03 21:33:34,525: INFO] Body request has been sent
[2023-01-03 21:33:39,184: INFO] Category processed successfully | Arabic: حلق الاذن | English: Earring
[2023-01-03 21:33:39,188: INFO] Category processor is done
[2023-01-03 21:33:40,146: INFO] Body request has been sent
[2023-01-03 21:33:42,840: INFO] Category processed successfully | Arabic: حلق الاذن | English: Earring
[2023-01-03 21:33:42,848: INFO] Category processor is done
[2023-01-03 21:33:43,805: INFO] Body request has been sent
[2023-01-03 21:33:48,488: INFO] Category processed successfully | Arabic: حلق الاذن | English: Earring
[2023-01-03 21:33:48,494: INFO] Category processor is done
[2023-01-03 21:33:49,426: INFO] Body request has been sent
[2023-01-03 21:33:53,983: INFO] Category processed successfully | Arabic: حلق الاذن | English: Earring
[2023-01-03 21:33:53,990: INFO] Category processor is done
[2023-01-03 21:33:54,925: INFO] Body request has been sent
[2023-01-03 21:33:58,815: INFO] Category processed successfully | Arabic: حلق الاذن | English: Earring
[2023-01-03 21:33:58,819: INFO] Category processor is done
[2023-01-03 21:33:59,769: INFO] Body request has been sent
[2023-01-03 21:34:04,824: INFO] Category processed successfully | Arabic: حلق الاذن | English: Earring
[2023-01-03 21:34:04,828: INFO] Category processor is done
[2023-01-03 21:34:05,869: INFO] Body request has been sent
[2023-01-03 21:34:10,038: INFO] Category processed successfully | Arabic: حلق الاذن | English: Earring
[2023-01-03 21:34:10,042: INFO] Category processor is done
[2023-01-03 21:34:10,996: INFO] Body request has been sent
[2023-01-03 21:34:17,402: INFO] Category processed successfully | Arabic: حلق الاذن | English: Earring
[2023-01-03 21:34:17,406: INFO] Category processor is done
[2023-01-03 21:34:18,369: INFO] Body request has been sent
[2023-01-03 21:34:23,134: INFO] Category processed successfully | Arabic: حلق الاذن | English: Earring
[2023-01-03 21:34:23,138: INFO] Category processor is done
[2023-01-03 21:34:24,030: INFO] Body request has been sent
[2023-01-03 21:34:27,486: INFO] Category processed successfully | Arabic: حلق الاذن | English: Earring
[2023-01-03 21:34:27,490: INFO] Category processor is done
[2023-01-03 21:34:28,430: INFO] Body request has been sent
[2023-01-03 21:34:32,662: INFO] Category processed successfully | Arabic: حلق الاذن | English: Earring
[2023-01-03 21:34:32,666: INFO] Category processor is done
[2023-01-03 21:34:33,606: INFO] Body request has been sent
[2023-01-03 21:34:36,418: INFO] Category processed successfully | Arabic: حلق الاذن | English: Earring
[2023-01-03 21:34:36,425: INFO] Category processor is done
[2023-01-03 21:34:37,339: INFO] Body request has been sent
[2023-01-03 21:34:42,642: INFO] Category processed successfully | Arabic: حلق الاذن | English: Earring
[2023-01-03 21:34:42,647: INFO] Category processor is done
[2023-01-03 21:34:43,551: INFO] Body request has been sent
[2023-01-03 21:34:47,344: INFO] Category processed successfully | Arabic: حلق الاذن | English: Earring
[2023-01-03 21:34:47,351: INFO] Category processor is done
[2023-01-03 21:34:48,245: INFO] Body request has been sent
[2023-01-03 21:34:53,173: INFO] Category processed successfully | Arabic: حلق الاذن | English: Earring
[2023-01-03 21:34:53,177: INFO] Category processor is done
[2023-01-03 21:34:54,103: INFO] Body request has been sent
[2023-01-03 21:34:58,417: INFO] Category processed successfully | Arabic: حلق الاذن | English: Earring
[2023-01-03 21:34:58,423: INFO] Category processor is done
[2023-01-03 21:34:59,364: INFO] Body request has been sent
[2023-01-03 21:35:04,474: INFO] Category processed successfully | Arabic: حلق الاذن | English: Earring
[2023-01-03 21:35:04,479: INFO] Category processor is done
[2023-01-03 21:47:29,916: INFO] New TOPTANCI session has been started
[2023-01-03 21:47:30,510: INFO] New page request has been made | Response: 200
[2023-01-03 21:47:31,019: INFO] Categories found count: 8
[2023-01-03 21:47:31,049: INFO] Pulled products links total: 5125
[2023-01-03 21:47:31,057: INFO] Exteraction done!
[2023-01-03 21:47:31,061: INFO] Processing links start
[2023-01-03 21:47:31,068: INFO] All data has been processed
[2023-01-03 21:47:31,075: INFO] Scraped in 1.14 seconds
[2023-01-03 21:47:34,142: INFO] Category processed successfully | Arabic: حلق الاذن | English: Earring
[2023-01-03 21:47:34,153: INFO] Category processor is done
[2023-01-03 21:47:35,068: INFO] Body request has been sent
[2023-01-03 21:47:35,073: WARNING] SKU_ALREADY_EXISTS: 11575696 | Error Message: Field 'sku' must be unique. | Error code: SKU_ALREADY_EXISTS
[2023-01-03 21:47:37,806: INFO] Category processed successfully | Arabic: حلق الاذن | English: Earring
[2023-01-03 21:47:37,809: INFO] Category processor is done
[2023-01-03 21:47:38,715: INFO] Body request has been sent
[2023-01-03 21:47:41,368: INFO] Category processed successfully | Arabic: حلق الاذن | English: Earring
[2023-01-03 21:47:41,373: INFO] Category processor is done
[2023-01-03 21:47:42,256: INFO] Body request has been sent
[2023-01-03 21:47:44,972: INFO] Category processed successfully | Arabic: بروش - مستلزمات الاوشحة | English: Brooch - Scarf Supplies
[2023-01-03 21:47:44,982: INFO] Category processor is done
[2023-01-03 21:47:45,881: INFO] Body request has been sent
[2023-01-03 21:47:48,665: INFO] Category processed successfully | Arabic: حلق الاذن | English: Earring
[2023-01-03 21:47:48,669: INFO] Category processor is done
[2023-01-03 21:47:49,724: INFO] Body request has been sent
[2023-01-03 21:50:39,440: INFO] New TOPTANCI session has been started
[2023-01-03 21:50:40,351: INFO] New page request has been made | Response: 200
[2023-01-03 21:50:40,785: INFO] Categories found count: 8
[2023-01-03 21:50:40,785: INFO] Pulled products links total: 5125
[2023-01-03 21:50:40,800: INFO] Exteraction done!
[2023-01-03 21:50:40,804: INFO] Processing links start
[2023-01-03 21:50:40,804: INFO] All data has been processed
[2023-01-03 21:50:40,820: INFO] Scraped in 1.31 seconds
[2023-01-03 21:50:47,742: INFO] Category processed successfully | Arabic: حلق الاذن | English: Earring
[2023-01-03 21:50:47,742: INFO] Category processor is done
[2023-01-03 21:50:48,607: INFO] Body request has been sent
[2023-01-03 21:50:48,611: WARNING] SKU_ALREADY_EXISTS: 11575696 | Error Message: Field 'sku' must be unique. | Error code: SKU_ALREADY_EXISTS
[2023-01-03 21:50:51,347: INFO] Category processed successfully | Arabic: حلق الاذن | English: Earring
[2023-01-03 21:50:51,351: INFO] Category processor is done
[2023-01-03 21:50:52,215: INFO] Body request has been sent
[2023-01-03 21:50:52,226: WARNING] SKU_ALREADY_EXISTS: 11575559 | Error Message: Field 'sku' must be unique. | Error code: SKU_ALREADY_EXISTS
[2023-01-03 22:01:39,842: INFO] New TOPTANCI session has been started
[2023-01-03 22:01:40,345: INFO] New page request has been made | Response: 200
[2023-01-03 22:01:40,881: INFO] Categories found count: 8
[2023-01-03 22:01:40,891: INFO] Pulled products links total: 5125
[2023-01-03 22:01:40,896: INFO] Exteraction done!
[2023-01-03 22:01:40,901: INFO] Processing links start
[2023-01-03 22:01:40,908: INFO] All data has been processed
[2023-01-03 22:01:40,916: INFO] Scraped in 1.05 seconds
[2023-01-03 22:01:47,892: INFO] Category processed successfully | Arabic: حلق الاذن | English: Earring
[2023-01-03 22:01:47,892: INFO] Category processor is done
[2023-01-03 22:01:48,813: INFO] Body request has been sent
[2023-01-03 22:01:48,813: WARNING] SKU_ALREADY_EXISTS: 11575696 | Error Message: Field 'sku' must be unique. | Error code: SKU_ALREADY_EXISTS
[2023-01-03 22:01:51,599: INFO] Category processed successfully | Arabic: حلق الاذن | English: Earring
[2023-01-03 22:01:51,599: INFO] Category processor is done
[2023-01-03 22:01:52,512: INFO] Body request has been sent
[2023-01-03 22:01:55,135: INFO] Category processed successfully | Arabic: حلق الاذن | English: Earring
[2023-01-03 22:01:55,135: INFO] Category processor is done
[2023-01-03 22:01:56,079: INFO] Body request has been sent
[2023-01-03 22:01:58,849: INFO] Category processed successfully | Arabic: بروش - مستلزمات الاوشحة | English: Brooch - Scarf Supplies
[2023-01-03 22:01:58,849: INFO] Category processor is done
[2023-01-03 22:01:59,866: INFO] Body request has been sent
[2023-01-03 22:03:37,445: INFO] New TOPTANCI session has been started
[2023-01-03 22:03:38,098: INFO] New page request has been made | Response: 200
[2023-01-03 22:03:38,447: INFO] Categories found count: 8
[2023-01-03 22:03:38,576: INFO] Pulled products links total: 5125
[2023-01-03 22:03:38,586: INFO] Exteraction done!
[2023-01-03 22:03:38,592: INFO] Processing links start
[2023-01-03 22:03:38,600: INFO] All data has been processed
[2023-01-03 22:03:38,608: INFO] Scraped in 1.14 seconds
[2023-01-03 22:03:45,876: INFO] Category processed successfully | Arabic: حلق الاذن | English: Earring
[2023-01-03 22:03:45,882: INFO] Category processor is done
[2023-01-03 22:03:46,780: INFO] Body request has been sent
[2023-01-03 22:03:46,785: WARNING] SKU_ALREADY_EXISTS: 11575696 | Error Message: Field 'sku' must be unique. | Error code: SKU_ALREADY_EXISTS
[2023-01-03 22:03:49,376: INFO] Category processed successfully | Arabic: حلق الاذن | English: Earring
[2023-01-03 22:03:49,381: INFO] Category processor is done
[2023-01-03 22:03:50,290: INFO] Body request has been sent
[2023-01-03 22:04:18,640: INFO] Category processed successfully | Arabic: حلق الاذن | English: Earring
[2023-01-03 22:04:18,648: INFO] Category processor is done
[2023-01-03 22:04:19,535: INFO] Body request has been sent
[2023-01-03 22:04:29,690: INFO] Category processed successfully | Arabic: بروش - مستلزمات الاوشحة | English: Brooch - Scarf Supplies
[2023-01-03 22:04:29,697: INFO] Category processor is done
[2023-01-03 22:04:30,576: INFO] Body request has been sent
[2023-01-03 22:06:19,012: INFO] New TOPTANCI session has been started
[2023-01-03 22:06:20,178: INFO] New page request has been made | Response: 200
[2023-01-03 22:06:20,638: INFO] Categories found count: 8
[2023-01-03 22:06:20,647: INFO] Pulled products links total: 5125
[2023-01-03 22:06:20,652: INFO] Exteraction done!
[2023-01-03 22:06:20,658: INFO] Processing links start
[2023-01-03 22:06:20,666: INFO] All data has been processed
[2023-01-03 22:06:20,674: INFO] Scraped in 1.64 seconds
[2023-01-03 22:06:27,734: INFO] Category processed successfully | Arabic: حلق الاذن | English: Earring
[2023-01-03 22:06:27,739: INFO] Category processor is done
[2023-01-03 22:06:28,605: INFO] Body request has been sent
[2023-01-03 22:06:35,593: WARNING] SKU_ALREADY_EXISTS: 11575696 | Error Message: Field 'sku' must be unique. | Error code: SKU_ALREADY_EXISTS
[2023-01-03 22:06:38,246: INFO] Category processed successfully | Arabic: حلق الاذن | English: Earring
[2023-01-03 22:06:38,253: INFO] Category processor is done
[2023-01-03 22:06:39,155: INFO] Body request has been sent
[2023-01-03 22:06:39,165: WARNING] SKU_ALREADY_EXISTS: 11575559 | Error Message: Field 'sku' must be unique. | Error code: SKU_ALREADY_EXISTS
[2023-01-03 22:06:41,894: INFO] Category processed successfully | Arabic: حلق الاذن | English: Earring
[2023-01-03 22:06:41,899: INFO] Category processor is done
[2023-01-03 22:06:42,773: INFO] Body request has been sent
[2023-01-03 22:06:42,778: WARNING] SKU_ALREADY_EXISTS: 11575658 | Error Message: Field 'sku' must be unique. | Error code: SKU_ALREADY_EXISTS
[2023-01-03 22:06:45,512: INFO] Category processed successfully | Arabic: بروش - مستلزمات الاوشحة | English: Brooch - Scarf Supplies
[2023-01-03 22:06:45,517: INFO] Category processor is done
[2023-01-03 22:06:46,366: INFO] Body request has been sent
[2023-01-03 22:06:46,370: WARNING] SKU_ALREADY_EXISTS: 11316534 | Error Message: Field 'sku' must be unique. | Error code: SKU_ALREADY_EXISTS
[2023-01-03 22:06:49,208: INFO] Category processed successfully | Arabic: حلق الاذن | English: Earring
[2023-01-03 22:06:49,218: INFO] Category processor is done
[2023-01-03 22:06:50,172: INFO] Body request has been sent
[2023-01-03 22:06:59,210: INFO] Category processed successfully | Arabic: حلق الاذن | English: Earring
[2023-01-03 22:06:59,218: INFO] Category processor is done
[2023-01-03 22:07:00,188: INFO] Body request has been sent
[2023-01-03 22:13:59,863: INFO] New TOPTANCI session has been started
[2023-01-03 22:14:00,500: INFO] New page request has been made | Response: 200
[2023-01-03 22:14:00,845: INFO] Categories found count: 8
[2023-01-03 22:14:00,860: INFO] Pulled products links total: 5125
[2023-01-03 22:14:00,860: INFO] Exteraction done!
[2023-01-03 22:14:00,860: INFO] Processing links start
[2023-01-03 22:14:00,879: INFO] All data has been processed
[2023-01-03 22:14:00,887: INFO] Scraped in 1.00 seconds
[2023-01-03 22:14:08,394: INFO] Category processed successfully | Arabic: حلق الاذن | English: Earring
[2023-01-03 22:14:08,394: INFO] Category processor is done
[2023-01-03 22:14:09,285: INFO] Body request has been sent
[2023-01-03 22:14:09,285: WARNING] SKU_ALREADY_EXISTS: 11575696 | Error Message: Field 'sku' must be unique. | Error code: SKU_ALREADY_EXISTS
[2023-01-03 22:14:11,950: INFO] Category processed successfully | Arabic: حلق الاذن | English: Earring
[2023-01-03 22:14:11,950: INFO] Category processor is done
[2023-01-03 22:14:12,855: INFO] Body request has been sent
[2023-01-03 22:14:23,937: INFO] Category processed successfully | Arabic: حلق الاذن | English: Earring
[2023-01-03 22:14:23,937: INFO] Category processor is done
[2023-01-03 22:14:24,873: INFO] Body request has been sent
[2023-01-03 22:22:32,109: INFO] New TOPTANCI session has been started
[2023-01-03 22:22:32,826: INFO] New page request has been made | Response: 200
[2023-01-03 22:22:33,328: INFO] Categories found count: 8
[2023-01-03 22:22:33,353: INFO] Pulled products links total: 5125
[2023-01-03 22:22:33,363: INFO] Exteraction done!
[2023-01-03 22:22:33,371: INFO] Processing links start
[2023-01-03 22:22:33,385: INFO] All data has been processed
[2023-01-03 22:22:33,399: INFO] Scraped in 1.25 seconds
[2023-01-03 22:22:42,108: INFO] Category processed successfully | Arabic: حلق الاذن | English: Earring
[2023-01-03 22:22:42,116: INFO] Category processor is done
[2023-01-03 22:22:43,006: INFO] Body request has been sent
[2023-01-03 22:22:43,021: WARNING] SKU_ALREADY_EXISTS: 11575696 | Error Message: Field 'sku' must be unique. | Error code: SKU_ALREADY_EXISTS
[2023-01-03 22:22:45,722: INFO] Category processed successfully | Arabic: حلق الاذن | English: Earring
[2023-01-03 22:22:45,738: INFO] Category processor is done
[2023-01-03 22:22:46,674: INFO] Body request has been sent
[2023-01-03 22:22:58,345: INFO] New TOPTANCI session has been started
[2023-01-03 22:22:59,094: INFO] New page request has been made | Response: 200
[2023-01-03 22:22:59,861: INFO] Categories found count: 8
[2023-01-03 22:22:59,876: INFO] Pulled products links total: 5125
[2023-01-03 22:22:59,888: INFO] Exteraction done!
[2023-01-03 22:22:59,898: INFO] Processing links start
[2023-01-03 22:22:59,911: INFO] All data has been processed
[2023-01-03 22:22:59,925: INFO] Scraped in 1.53 seconds
[2023-01-03 22:23:08,908: INFO] Category processed successfully | Arabic: حلق الاذن | English: Earring
[2023-01-03 22:23:08,924: INFO] Category processor is done
[2023-01-03 22:23:09,826: INFO] Body request has been sent
[2023-01-03 22:23:09,826: WARNING] SKU_ALREADY_EXISTS: 11575696 | Error Message: Field 'sku' must be unique. | Error code: SKU_ALREADY_EXISTS
[2023-01-03 22:23:12,520: INFO] Category processed successfully | Arabic: حلق الاذن | English: Earring
[2023-01-03 22:23:12,520: INFO] Category processor is done
[2023-01-03 22:23:13,460: INFO] Body request has been sent
[2023-01-03 22:23:19,656: INFO] Category processed successfully | Arabic: حلق الاذن | English: Earring
[2023-01-03 22:23:19,656: INFO] Category processor is done
[2023-01-03 22:23:20,600: INFO] Body request has been sent
[2023-01-03 22:23:57,271: INFO] Category processed successfully | Arabic: بروش - مستلزمات الاوشحة | English: Brooch - Scarf Supplies
[2023-01-03 22:23:57,271: INFO] Category processor is done
[2023-01-03 22:23:58,221: INFO] Body request has been sent
[2023-01-03 22:24:01,082: INFO] Category processed successfully | Arabic: حلق الاذن | English: Earring
[2023-01-03 22:24:01,098: INFO] Category processor is done
[2023-01-03 22:24:02,042: INFO] Body request has been sent
[2023-01-03 22:24:04,640: INFO] Category processed successfully | Arabic: حلق الاذن | English: Earring
[2023-01-03 22:24:04,646: INFO] Category processor is done
[2023-01-03 22:24:05,577: INFO] Body request has been sent
[2023-01-03 22:24:08,074: INFO] Category processed successfully | Arabic: حلق الاذن | English: Earring
[2023-01-03 22:24:08,089: INFO] Category processor is done
[2023-01-03 22:24:09,005: INFO] Body request has been sent
[2023-01-03 22:24:11,664: INFO] Category processed successfully | Arabic: حلق الاذن | English: Earring
[2023-01-03 22:24:11,670: INFO] Category processor is done
[2023-01-03 22:24:12,612: INFO] Body request has been sent
[2023-01-03 22:24:15,341: INFO] Category processed successfully | Arabic: حلق الاذن | English: Earring
[2023-01-03 22:24:15,356: INFO] Category processor is done
[2023-01-03 22:24:16,292: INFO] Body request has been sent
[2023-01-03 22:24:19,118: INFO] Category processed successfully | Arabic: حلق الاذن | English: Earring
[2023-01-03 22:24:19,118: INFO] Category processor is done
[2023-01-03 22:24:20,011: INFO] Body request has been sent
[2023-01-03 22:24:22,741: INFO] Category processed successfully | Arabic: حلق الاذن | English: Earring
[2023-01-03 22:24:22,756: INFO] Category processor is done
[2023-01-03 22:24:23,644: INFO] Body request has been sent
[2023-01-03 22:24:26,833: INFO] Category processed successfully | Arabic: حلق الاذن | English: Earring
[2023-01-03 22:24:26,833: INFO] Category processor is done
[2023-01-03 22:24:27,761: INFO] Body request has been sent
[2023-01-03 22:24:30,527: INFO] Category processed successfully | Arabic: حلق الاذن | English: Earring
[2023-01-03 22:24:30,543: INFO] Category processor is done
[2023-01-03 22:24:31,422: INFO] Body request has been sent
[2023-01-03 22:24:34,118: INFO] Category processed successfully | Arabic: حلق الاذن | English: Earring
[2023-01-03 22:24:34,128: INFO] Category processor is done
[2023-01-03 22:24:35,074: INFO] Body request has been sent
[2023-01-03 22:24:37,795: INFO] Category processed successfully | Arabic: حلق الاذن | English: Earring
[2023-01-03 22:24:37,795: INFO] Category processor is done
[2023-01-03 22:24:38,733: INFO] Body request has been sent
[2023-01-03 22:24:41,451: INFO] Category processed successfully | Arabic: حلق الاذن | English: Earring
[2023-01-03 22:24:41,458: INFO] Category processor is done
[2023-01-03 22:24:42,357: INFO] Body request has been sent
[2023-01-03 22:56:46,093: INFO] New TOPTANCI session has been started
[2023-01-03 22:56:47,213: INFO] New page request has been made | Response: 200
[2023-01-03 22:56:47,552: INFO] Categories found count: 8
[2023-01-03 22:56:47,566: INFO] Pulled products links total: 5125
[2023-01-03 22:56:47,575: INFO] Exteraction done!
[2023-01-03 22:56:47,584: INFO] Processing links start
[2023-01-03 22:56:47,598: INFO] All data has been processed
[2023-01-03 22:56:47,611: INFO] Scraped in 1.48 seconds
[2023-01-03 22:57:03,210: INFO] New TOPTANCI session has been started
[2023-01-03 22:57:04,440: INFO] New page request has been made | Response: 200
[2023-01-03 22:57:04,787: INFO] Categories found count: 8
[2023-01-03 22:57:04,801: INFO] Pulled products links total: 5125
[2023-01-03 22:57:04,809: INFO] Exteraction done!
[2023-01-03 22:57:04,818: INFO] Processing links start
[2023-01-03 22:57:04,830: INFO] All data has been processed
[2023-01-03 22:57:04,842: INFO] Scraped in 1.60 seconds
[2023-01-03 22:57:23,311: INFO] New TOPTANCI session has been started
[2023-01-03 22:57:24,084: INFO] New page request has been made | Response: 200
[2023-01-03 22:57:24,407: INFO] Categories found count: 8
[2023-01-03 22:57:24,407: INFO] Pulled products links total: 5125
[2023-01-03 22:57:24,432: INFO] Exteraction done!
[2023-01-03 22:57:24,441: INFO] Processing links start
[2023-01-03 22:57:24,453: INFO] All data has been processed
[2023-01-03 22:57:24,465: INFO] Scraped in 1.13 seconds
[2023-01-03 22:57:29,644: INFO] Category processed successfully | Arabic: حلق الاذن | English: Earring
[2023-01-03 22:57:29,644: INFO] Category processor is done
[2023-01-03 22:57:29,740: INFO] Category processed successfully | Arabic: حلق الاذن | English: Earring
[2023-01-03 22:57:29,743: INFO] Category processor is done
[2023-01-03 22:57:30,545: INFO] Body request has been sent
[2023-01-03 22:57:30,562: WARNING] SKU_ALREADY_EXISTS: 11575696 | Error Message: Field 'sku' must be unique. | Error code: SKU_ALREADY_EXISTS
[2023-01-03 22:57:30,635: INFO] Category processed successfully | Arabic: حلق الاذن | English: Earring
[2023-01-03 22:57:30,643: INFO] Category processor is done
[2023-01-03 22:57:30,744: INFO] Body request has been sent
[2023-01-03 22:57:31,554: INFO] Body request has been sent
[2023-01-03 22:57:33,244: INFO] Category processed successfully | Arabic: بروش - مستلزمات الاوشحة | English: Brooch - Scarf Supplies
[2023-01-03 22:57:33,244: INFO] Category processor is done
[2023-01-03 22:57:34,213: INFO] Body request has been sent
[2023-01-03 22:57:37,566: INFO] Main image upload is successful | Status code: 200 | Reason: OK | Image name: media/13000939.jpg
[2023-01-03 22:57:37,581: INFO] Product created successfully with ID: 521184283 | SKU: 11575559
[2023-01-03 22:57:40,375: INFO] Category processed successfully | Arabic: حلق الاذن | English: Earring
[2023-01-03 22:57:40,382: INFO] Category processor is done
[2023-01-03 22:57:41,318: INFO] Body request has been sent
[2023-01-03 22:57:45,866: INFO] Main image upload is successful | Status code: 200 | Reason: OK | Image name: media/39120005.jpg
[2023-01-03 22:57:45,874: INFO] Product created successfully with ID: 521183318 | SKU: 11575290
[2023-01-03 22:57:48,496: INFO] Category processed successfully | Arabic: حلق الاذن | English: Earring
[2023-01-03 22:57:48,503: INFO] Category processor is done
[2023-01-03 22:57:49,427: INFO] Body request has been sent
[2023-01-03 22:57:54,889: INFO] Main image upload is successful | Status code: 200 | Reason: OK | Image name: media/76351134.jpg
[2023-01-03 22:57:54,904: INFO] Product created successfully with ID: 521178438 | SKU: 11575528
[2023-01-03 22:57:57,612: INFO] Category processed successfully | Arabic: حلق الاذن | English: Earring
[2023-01-03 22:57:57,612: INFO] Category processor is done
[2023-01-03 22:57:58,474: INFO] Body request has been sent
[2023-01-03 22:57:59,137: INFO] Main image upload is successful | Status code: 200 | Reason: OK | Image name: media/80297488.jpg
[2023-01-03 22:57:59,146: INFO] Product created successfully with ID: 521180625 | SKU: 11316534
[2023-01-03 22:58:02,093: INFO] Category processed successfully | Arabic: حلق الاذن | English: Earring
[2023-01-03 22:58:02,093: INFO] Category processor is done
[2023-01-03 22:58:02,890: INFO] Main image upload is successful | Status code: 200 | Reason: OK | Image name: media/83408639.jpg
[2023-01-03 22:58:02,890: INFO] Product created successfully with ID: 521182570 | SKU: 11575382
[2023-01-03 22:58:03,039: INFO] Body request has been sent
[2023-01-03 22:58:05,455: INFO] Category processed successfully | Arabic: حلق الاذن | English: Earring
[2023-01-03 22:58:05,470: INFO] Category processor is done
[2023-01-03 22:58:06,410: INFO] Body request has been sent
[2023-01-03 22:58:11,002: INFO] Main image upload is successful | Status code: 200 | Reason: OK | Image name: media/34094459.jpg
[2023-01-03 22:58:11,002: INFO] Product created successfully with ID: 521182571 | SKU: 11575313
[2023-01-03 22:58:13,615: INFO] Category processed successfully | Arabic: حلق الاذن | English: Earring
[2023-01-03 22:58:13,628: INFO] Category processor is done
[2023-01-03 22:58:14,564: INFO] Body request has been sent
[2023-01-03 22:58:20,295: INFO] Main image upload is successful | Status code: 200 | Reason: OK | Image name: media/57860459.jpg
[2023-01-03 22:58:20,316: INFO] Product created successfully with ID: 521178439 | SKU: 11575498
[2023-01-03 22:58:23,061: INFO] Category processed successfully | Arabic: حلق الاذن | English: Earring
[2023-01-03 22:58:23,072: INFO] Category processor is done
[2023-01-03 22:58:24,050: INFO] Body request has been sent
[2023-01-03 22:58:29,916: INFO] Main image upload is successful | Status code: 200 | Reason: OK | Image name: media/12240358.jpg
[2023-01-03 22:58:29,936: INFO] Product created successfully with ID: 521180403 | SKU: 11575511
[2023-01-03 22:58:33,102: INFO] Category processed successfully | Arabic: حلق الاذن | English: Earring
[2023-01-03 22:58:33,113: INFO] Category processor is done
[2023-01-03 22:58:34,074: INFO] Body request has been sent
[2023-01-03 22:58:40,332: INFO] Main image upload is successful | Status code: 200 | Reason: OK | Image name: media/36508647.jpg
[2023-01-03 22:58:40,340: INFO] Product created successfully with ID: 521180405 | SKU: 11575580
[2023-01-03 22:58:41,262: INFO] Body request has been sent
[2023-01-03 22:58:47,309: INFO] Main image upload is successful | Status code: 200 | Reason: OK | Image name: media/18748131.jpg
[2023-01-03 22:58:47,325: INFO] Product created successfully with ID: 521183322 | SKU: 11575627
[2023-01-03 22:58:50,048: INFO] Category processed successfully | Arabic: حلق الاذن | English: Earring
[2023-01-03 22:58:50,055: INFO] Category processor is done
[2023-01-03 22:58:50,957: INFO] Body request has been sent
[2023-01-03 23:04:45,337: INFO] New TOPTANCI session has been started
[2023-01-03 23:04:46,010: INFO] New page request has been made | Response: 200
[2023-01-03 23:04:46,330: INFO] Categories found count: 8
[2023-01-03 23:04:46,345: INFO] Pulled products links total: 5125
[2023-01-03 23:04:46,345: INFO] Exteraction done!
[2023-01-03 23:04:46,367: INFO] Processing links start
[2023-01-03 23:04:46,379: INFO] All data has been processed
[2023-01-03 23:04:46,391: INFO] Scraped in 1.02 seconds
[2023-01-03 23:05:07,424: INFO] New TOPTANCI session has been started
[2023-01-03 23:05:08,100: INFO] New page request has been made | Response: 200
[2023-01-03 23:05:08,415: INFO] Categories found count: 8
[2023-01-03 23:05:08,428: INFO] Pulled products links total: 5125
[2023-01-03 23:05:08,433: INFO] Exteraction done!
[2023-01-03 23:05:08,445: INFO] Processing links start
[2023-01-03 23:05:08,458: INFO] All data has been processed
[2023-01-03 23:05:08,471: INFO] Scraped in 1.02 seconds
[2023-01-03 23:05:11,322: INFO] Category processed successfully | Arabic: حلق الاذن | English: Earring
[2023-01-03 23:05:11,322: INFO] Category processor is done
[2023-01-03 23:05:11,419: INFO] Category processed successfully | Arabic: حلق الاذن | English: Earring
[2023-01-03 23:05:11,419: INFO] Category processor is done
[2023-01-03 23:05:12,235: INFO] Body request has been sent
[2023-01-03 23:05:12,235: WARNING] SKU_ALREADY_EXISTS: 11575559 | Error Message: Field 'sku' must be unique. | Error code: SKU_ALREADY_EXISTS
[2023-01-03 23:05:12,288: INFO] Body request has been sent
[2023-01-03 23:05:12,294: WARNING] SKU_ALREADY_EXISTS: 11575658 | Error Message: Field 'sku' must be unique. | Error code: SKU_ALREADY_EXISTS
[2023-01-03 23:05:12,612: INFO] Category processed successfully | Arabic: حلق الاذن | English: Earring
[2023-01-03 23:05:12,612: INFO] Category processor is done
[2023-01-03 23:05:13,486: INFO] Body request has been sent
[2023-01-03 23:05:13,502: WARNING] SKU_ALREADY_EXISTS: 11575696 | Error Message: Field 'sku' must be unique. | Error code: SKU_ALREADY_EXISTS
[2023-01-03 23:05:14,938: INFO] Category processed successfully | Arabic: بروش - مستلزمات الاوشحة | English: Brooch - Scarf Supplies
[2023-01-03 23:05:14,950: INFO] Category processor is done
[2023-01-03 23:05:14,989: INFO] Category processed successfully | Arabic: حلق الاذن | English: Earring
[2023-01-03 23:05:14,996: INFO] Category processor is done
[2023-01-03 23:09:42,801: INFO] New TOPTANCI session has been started
[2023-01-03 23:09:43,644: INFO] New page request has been made | Response: 200
[2023-01-03 23:09:43,951: INFO] Categories found count: 8
[2023-01-03 23:09:43,965: INFO] Pulled products links total: 5125
[2023-01-03 23:09:43,972: INFO] Exteraction done!
[2023-01-03 23:09:43,972: INFO] Processing links start
[2023-01-03 23:09:43,993: INFO] All data has been processed
[2023-01-03 23:09:44,007: INFO] Scraped in 1.18 seconds
[2023-01-03 23:09:47,155: INFO] Category processed successfully | Arabic: حلق الاذن | English: Earring
[2023-01-03 23:09:47,184: INFO] Category processed successfully | Arabic: حلق الاذن | English: Earring
[2023-01-03 23:09:47,187: INFO] Category processed successfully | Arabic: حلق الاذن | English: Earring
[2023-01-03 23:09:47,187: INFO] Category processor is done
[2023-01-03 23:09:47,203: INFO] Category processor is done
[2023-01-03 23:09:47,227: INFO] Category processor is done
[2023-01-03 23:09:48,154: INFO] Body request has been sent
[2023-01-03 23:09:48,160: WARNING] SKU_ALREADY_EXISTS: 11575559 | Error Message: Field 'sku' must be unique. | Error code: SKU_ALREADY_EXISTS
[2023-01-03 23:09:48,655: INFO] Body request has been sent
[2023-01-03 23:09:48,670: WARNING] SKU_ALREADY_EXISTS: 11575658 | Error Message: Field 'sku' must be unique. | Error code: SKU_ALREADY_EXISTS
[2023-01-03 23:09:49,164: INFO] Body request has been sent
[2023-01-03 23:09:49,190: WARNING] SKU_ALREADY_EXISTS: 11575696 | Error Message: Field 'sku' must be unique. | Error code: SKU_ALREADY_EXISTS
[2023-01-03 23:09:51,127: INFO] Category processed successfully | Arabic: بروش - مستلزمات الاوشحة | English: Brooch - Scarf Supplies
[2023-01-03 23:09:51,170: INFO] Category processor is done
[2023-01-03 23:09:51,452: INFO] Category processed successfully | Arabic: حلق الاذن | English: Earring
[2023-01-03 23:09:51,477: INFO] Category processor is done
[2023-01-03 23:09:51,950: INFO] Category processed successfully | Arabic: حلق الاذن | English: Earring
[2023-01-03 23:09:51,977: INFO] Category processor is done
[2023-01-03 23:09:52,031: INFO] Body request has been sent
[2023-01-03 23:09:52,044: WARNING] SKU_ALREADY_EXISTS: 11316534 | Error Message: Field 'sku' must be unique. | Error code: SKU_ALREADY_EXISTS
[2023-01-03 23:09:52,378: INFO] Body request has been sent
[2023-01-03 23:09:52,393: WARNING] SKU_ALREADY_EXISTS: 11575290 | Error Message: Field 'sku' must be unique. | Error code: SKU_ALREADY_EXISTS
[2023-01-03 23:09:52,918: INFO] Body request has been sent
[2023-01-03 23:09:52,944: WARNING] SKU_ALREADY_EXISTS: 11575528 | Error Message: Field 'sku' must be unique. | Error code: SKU_ALREADY_EXISTS
[2023-01-03 23:10:18,010: INFO] New TOPTANCI session has been started
[2023-01-03 23:10:18,655: INFO] New page request has been made | Response: 200
[2023-01-03 23:10:18,981: INFO] Categories found count: 8
[2023-01-03 23:10:19,010: INFO] Pulled products links total: 5125
[2023-01-03 23:10:19,020: INFO] Exteraction done!
[2023-01-03 23:10:19,028: INFO] Processing links start
[2023-01-03 23:10:19,041: INFO] All data has been processed
[2023-01-03 23:10:19,054: INFO] Scraped in 1.02 seconds
[2023-01-03 23:10:21,977: INFO] Category processed successfully | Arabic: حلق الاذن | English: Earring
[2023-01-03 23:10:21,988: INFO] Category processor is done
[2023-01-03 23:10:22,135: INFO] Category processed successfully | Arabic: حلق الاذن | English: Earring
[2023-01-03 23:10:22,166: INFO] Category processor is done
[2023-01-03 23:10:22,199: INFO] Category processed successfully | Arabic: حلق الاذن | English: Earring
[2023-01-03 23:10:22,209: INFO] Category processor is done
[2023-01-03 23:10:22,906: INFO] Body request has been sent
[2023-01-03 23:10:22,906: WARNING] SKU_ALREADY_EXISTS: 11575696 | Error Message: Field 'sku' must be unique. | Error code: SKU_ALREADY_EXISTS
[2023-01-03 23:10:23,116: INFO] Body request has been sent
[2023-01-03 23:10:23,125: WARNING] SKU_ALREADY_EXISTS: 11575658 | Error Message: Field 'sku' must be unique. | Error code: SKU_ALREADY_EXISTS
[2023-01-03 23:10:23,268: INFO] Body request has been sent
[2023-01-03 23:10:23,268: WARNING] SKU_ALREADY_EXISTS: 11575559 | Error Message: Field 'sku' must be unique. | Error code: SKU_ALREADY_EXISTS
[2023-01-03 23:10:25,872: INFO] Category processed successfully | Arabic: بروش - مستلزمات الاوشحة | English: Brooch - Scarf Supplies
[2023-01-03 23:10:25,883: INFO] Category processor is done
[2023-01-03 23:10:26,084: INFO] Category processed successfully | Arabic: حلق الاذن | English: Earring
[2023-01-03 23:10:26,094: INFO] Category processor is done
[2023-01-03 23:10:26,364: INFO] Category processed successfully | Arabic: حلق الاذن | English: Earring
[2023-01-03 23:10:26,380: INFO] Category processor is done
[2023-01-03 23:10:26,729: INFO] Body request has been sent
[2023-01-03 23:10:26,744: WARNING] SKU_ALREADY_EXISTS: 11316534 | Error Message: Field 'sku' must be unique. | Error code: SKU_ALREADY_EXISTS
[2023-01-03 23:10:27,013: INFO] Body request has been sent
[2023-01-03 23:10:27,022: WARNING] SKU_ALREADY_EXISTS: 11575290 | Error Message: Field 'sku' must be unique. | Error code: SKU_ALREADY_EXISTS
[2023-01-03 23:10:27,271: INFO] Body request has been sent
[2023-01-03 23:10:27,281: WARNING] SKU_ALREADY_EXISTS: 11575528 | Error Message: Field 'sku' must be unique. | Error code: SKU_ALREADY_EXISTS
[2023-01-03 23:10:29,432: INFO] Category processed successfully | Arabic: حلق الاذن | English: Earring
[2023-01-03 23:10:29,442: INFO] Category processor is done
[2023-01-03 23:10:45,968: INFO] New TOPTANCI session has been started
[2023-01-03 23:10:46,944: INFO] New page request has been made | Response: 200
[2023-01-03 23:10:47,262: INFO] Categories found count: 8
[2023-01-03 23:10:47,284: INFO] Pulled products links total: 5125
[2023-01-03 23:10:47,295: INFO] Exteraction done!
[2023-01-03 23:10:47,303: INFO] Processing links start
[2023-01-03 23:10:47,316: INFO] All data has been processed
[2023-01-03 23:10:47,328: INFO] Scraped in 1.33 seconds
[2023-01-03 23:10:50,159: INFO] Category processed successfully | Arabic: حلق الاذن | English: Earring
[2023-01-03 23:10:50,190: INFO] Category processor is done
[2023-01-03 23:10:50,210: INFO] Category processed successfully | Arabic: حلق الاذن | English: Earring
[2023-01-03 23:10:50,228: INFO] Category processor is done
[2023-01-03 23:10:50,347: INFO] Category processed successfully | Arabic: حلق الاذن | English: Earring
[2023-01-03 23:10:50,362: INFO] Category processor is done
[2023-01-03 23:10:51,090: INFO] Body request has been sent
[2023-01-03 23:10:51,110: WARNING] SKU_ALREADY_EXISTS: 11575696 | Error Message: Field 'sku' must be unique. | Error code: SKU_ALREADY_EXISTS
[2023-01-03 23:10:51,346: INFO] Body request has been sent
[2023-01-03 23:10:51,362: WARNING] SKU_ALREADY_EXISTS: 11575658 | Error Message: Field 'sku' must be unique. | Error code: SKU_ALREADY_EXISTS
[2023-01-03 23:10:51,583: INFO] Body request has been sent
[2023-01-03 23:10:51,599: WARNING] SKU_ALREADY_EXISTS: 11575559 | Error Message: Field 'sku' must be unique. | Error code: SKU_ALREADY_EXISTS
[2023-01-03 23:10:53,870: WARNING] Category Silver color is not on the list
[2023-01-03 23:12:38,207: ERROR] Type Exception: int() argument must be a string, a bytes-like object or a real number, not 'NoneType' | link: https://toptanci.com/nazar-figurlu-mineli-lux-cengel-bros-u-182380
Traceback (most recent call last):
  File "e:\Work\pyScript\Toptanci SC\models\category_processor.py", line 44, in category_processor
    main_category_id = int(MCategory)
TypeError: int() argument must be a string, a bytes-like object or a real number, not 'NoneType'
[2023-01-03 23:13:30,738: INFO] New TOPTANCI session has been started
[2023-01-03 23:13:31,590: INFO] New page request has been made | Response: 200
[2023-01-03 23:13:31,899: INFO] Categories found count: 8
[2023-01-03 23:13:31,909: INFO] Pulled products links total: 5125
[2023-01-03 23:13:31,909: INFO] Exteraction done!
[2023-01-03 23:13:31,930: INFO] Processing links start
[2023-01-03 23:13:31,943: INFO] All data has been processed
[2023-01-03 23:13:31,956: INFO] Scraped in 1.19 seconds
[2023-01-03 23:13:34,864: INFO] Category processed successfully | Arabic: حلق الاذن | English: Earring
[2023-01-03 23:13:34,877: INFO] Category processor is done
[2023-01-03 23:13:38,248: INFO] Category processed successfully | Arabic: حلق الاذن | English: Earring
[2023-01-03 23:13:38,249: INFO] Category processed successfully | Arabic: حلق الاذن | English: Earring
[2023-01-03 23:13:38,263: INFO] Category processor is done
[2023-01-03 23:13:38,275: INFO] Category processor is done
[2023-01-03 23:13:39,165: INFO] Body request has been sent
[2023-01-03 23:13:39,179: WARNING] SKU_ALREADY_EXISTS: 11575658 | Error Message: Field 'sku' must be unique. | Error code: SKU_ALREADY_EXISTS
[2023-01-03 23:13:39,680: INFO] Body request has been sent
[2023-01-03 23:13:39,695: WARNING] SKU_ALREADY_EXISTS: 11575696 | Error Message: Field 'sku' must be unique. | Error code: SKU_ALREADY_EXISTS
[2023-01-03 23:13:40,179: INFO] Body request has been sent
[2023-01-03 23:13:40,179: WARNING] SKU_ALREADY_EXISTS: 11575559 | Error Message: Field 'sku' must be unique. | Error code: SKU_ALREADY_EXISTS
[2023-01-03 23:13:42,875: INFO] Category processed successfully | Arabic: بروش - مستلزمات الاوشحة | English: Brooch - Scarf Supplies
[2023-01-03 23:13:42,891: INFO] Category processor is done
[2023-01-03 23:13:43,072: INFO] Category processed successfully | Arabic: حلق الاذن | English: Earring
[2023-01-03 23:13:43,089: INFO] Category processor is done
[2023-01-03 23:13:43,114: WARNING] Category Silver color is not on the list
[2023-01-03 23:13:47,651: ERROR] Type Exception: int() argument must be a string, a bytes-like object or a real number, not 'NoneType' | link: https://toptanci.com/xuping-kalp-zirkon-tasli-luks-kupe-u-223852
Traceback (most recent call last):
  File "e:\Work\pyScript\Toptanci SC\models\category_processor.py", line 44, in category_processor
    main_category_id = int(MCategory)
TypeError: int() argument must be a string, a bytes-like object or a real number, not 'NoneType'
[2023-01-03 23:13:47,652: INFO] Body request has been sent
[2023-01-03 23:13:47,653: INFO] Body request has been sent
[2023-01-03 23:13:47,688: ERROR] Type Exception: cannot unpack non-iterable NoneType object | link: https://toptanci.com/xuping-kalp-zirkon-tasli-luks-kupe-u-223852
Traceback (most recent call last):
  File "e:\Work\pyScript\Toptanci SC\tasks\create_products.py", line 52, in create_product
    main_category_ar, second_category_name_ar, categories_ids, main_category_id, categories_json = category_processor(
TypeError: cannot unpack non-iterable NoneType object
[2023-01-03 23:13:47,699: WARNING] SKU_ALREADY_EXISTS: 11575528 | Error Message: Field 'sku' must be unique. | Error code: SKU_ALREADY_EXISTS
[2023-01-03 23:13:47,714: WARNING] SKU_ALREADY_EXISTS: 11316534 | Error Message: Field 'sku' must be unique. | Error code: SKU_ALREADY_EXISTS
[2023-01-03 23:13:50,751: INFO] Category processed successfully | Arabic: حلق الاذن | English: Earring
[2023-01-03 23:13:50,761: INFO] Category processor is done
[2023-01-03 23:13:51,058: INFO] Category processed successfully | Arabic: حلق الاذن | English: Earring
[2023-01-03 23:13:51,095: INFO] Category processor is done
[2023-01-03 23:13:51,607: INFO] Body request has been sent
[2023-01-03 23:13:51,626: WARNING] SKU_ALREADY_EXISTS: 11575313 | Error Message: Field 'sku' must be unique. | Error code: SKU_ALREADY_EXISTS
[2023-01-03 23:13:52,018: INFO] Body request has been sent
[2023-01-03 23:13:52,033: WARNING] SKU_ALREADY_EXISTS: 11575689 | Error Message: Field 'sku' must be unique. | Error code: SKU_ALREADY_EXISTS
[2023-01-03 23:13:52,177: INFO] Category processed successfully | Arabic: حلق الاذن | English: Earring
[2023-01-03 23:13:52,193: INFO] Category processor is done
[2023-01-03 23:13:53,072: INFO] Body request has been sent
[2023-01-03 23:13:53,093: WARNING] SKU_ALREADY_EXISTS: 11575382 | Error Message: Field 'sku' must be unique. | Error code: SKU_ALREADY_EXISTS
[2023-01-03 23:13:56,159: INFO] Category processed successfully | Arabic: حلق الاذن | English: Earring
[2023-01-03 23:13:56,169: INFO] Category processor is done
[2023-01-03 23:13:56,418: INFO] Category processed successfully | Arabic: حلق الاذن | English: Earring
[2023-01-03 23:13:56,449: INFO] Category processor is done
[2023-01-03 23:13:57,096: INFO] Body request has been sent
[2023-01-03 23:13:57,096: WARNING] SKU_ALREADY_EXISTS: 11575511 | Error Message: Field 'sku' must be unique. | Error code: SKU_ALREADY_EXISTS
[2023-01-03 23:13:57,353: INFO] Body request has been sent
[2023-01-03 23:13:57,368: INFO] Category processed successfully | Arabic: حلق الاذن | English: Earring
[2023-01-03 23:13:57,372: WARNING] SKU_ALREADY_EXISTS: 11575580 | Error Message: Field 'sku' must be unique. | Error code: SKU_ALREADY_EXISTS
[2023-01-03 23:13:57,380: INFO] Category processor is done
[2023-01-03 23:13:58,268: INFO] Body request has been sent
[2023-01-03 23:13:58,283: WARNING] SKU_ALREADY_EXISTS: 11575627 | Error Message: Field 'sku' must be unique. | Error code: SKU_ALREADY_EXISTS
[2023-01-03 23:13:58,304: INFO] Body request has been sent
[2023-01-03 23:13:58,324: WARNING] SKU_ALREADY_EXISTS: 11575498 | Error Message: Field 'sku' must be unique. | Error code: SKU_ALREADY_EXISTS
[2023-01-03 23:13:59,935: INFO] Category processed successfully | Arabic: حلق الاذن | English: Earring
[2023-01-03 23:13:59,960: INFO] Category processor is done
[2023-01-03 23:14:00,851: INFO] Body request has been sent
[2023-01-03 23:14:00,854: WARNING] SKU_ALREADY_EXISTS: 11575283 | Error Message: Field 'sku' must be unique. | Error code: SKU_ALREADY_EXISTS
[2023-01-03 23:14:01,080: INFO] Category processed successfully | Arabic: حلق الاذن | English: Earring
[2023-01-03 23:14:01,080: INFO] Category processor is done
[2023-01-03 23:14:01,163: INFO] Category processed successfully | Arabic: حلق الاذن | English: Earring
[2023-01-03 23:14:01,172: INFO] Category processor is done
[2023-01-03 23:14:01,973: INFO] Body request has been sent
[2023-01-03 23:14:02,066: INFO] Body request has been sent
[2023-01-03 23:14:03,574: INFO] Category processed successfully | Arabic: حلق الاذن | English: Earring
[2023-01-03 23:14:03,574: INFO] Category processor is done
[2023-01-03 23:14:04,653: INFO] Body request has been sent
[2023-01-03 23:14:06,288: INFO] Main image upload is successful | Status code: 200 | Reason: OK | Image name: media/10884796.jpg
[2023-01-03 23:14:06,300: INFO] Product created successfully with ID: 521180655 | SKU: 11574934
[2023-01-03 23:14:07,578: INFO] Main image upload is successful | Status code: 200 | Reason: OK | Image name: media/58059522.jpg
[2023-01-03 23:14:07,592: INFO] Product created successfully with ID: 521178472 | SKU: 11575160
[2023-01-03 23:14:09,618: INFO] Category processed successfully | Arabic: حلق الاذن | English: Earring
[2023-01-03 23:14:09,629: INFO] Category processor is done
[2023-01-03 23:14:10,244: INFO] Category processed successfully | Arabic: حلق الاذن | English: Earring
[2023-01-03 23:14:10,260: INFO] Category processor is done
[2023-01-03 23:14:10,567: INFO] Body request has been sent
[2023-01-03 23:14:11,207: INFO] Body request has been sent
[2023-01-03 23:14:16,014: INFO] Main image upload is successful | Status code: 200 | Reason: OK | Image name: media/66022167.jpg
[2023-01-03 23:14:16,036: INFO] Product created successfully with ID: 521184830 | SKU: 11575276
[2023-01-03 23:14:16,345: INFO] Main image upload is successful | Status code: 200 | Reason: OK | Image name: media/1127858.jpg
[2023-01-03 23:14:16,359: INFO] Product created successfully with ID: 521180656 | SKU: 11574965
[2023-01-03 23:14:17,347: INFO] Body request has been sent
